\BOOKMARK [1][-]{section.1}{\376\377\000I\000n\000t\000r\000o\000d\000u\000c\000t\000i\000o\000n}{}% 1
\BOOKMARK [1][-]{section.2}{\376\377\000D\000\351\000c\000o\000u\000v\000e\000r\000t\000e\000\040\000d\000u\000\040\000j\000e\000u\000\040\000d\000e\000\040\000d\000o\000n\000n\000\351\000e\000s}{}% 2
\BOOKMARK [2][-]{subsection.2.1}{\376\377\000L\000a\000\040\000b\000a\000s\000e\000\040\000d\000e\000\040\000d\000o\000n\000n\000\351\000e\000s}{section.2}% 3
\BOOKMARK [2][-]{subsection.2.2}{\376\377\000R\000\351\000p\000a\000r\000t\000i\000t\000i\000o\000n\000\040\000d\000e\000s\000\040\000d\000o\000n\000n\000\351\000e\000s}{section.2}% 4
\BOOKMARK [3][-]{subsubsection.2.2.1}{\376\377\000C\000a\000t\000\351\000g\000o\000r\000i\000e\000s\000\040\000d\000e\000\040\000v\000\351\000h\000i\000c\000u\000l\000e}{subsection.2.2}% 5
\BOOKMARK [3][-]{subsubsection.2.2.2}{\376\377\000G\000r\000a\000v\000i\000t\000\351\000\040\000d\000e\000\040\000l\000'\000a\000c\000c\000i\000d\000e\000n\000t}{subsection.2.2}% 6
\BOOKMARK [1][-]{section.3}{\376\377\000P\000r\000\351\000p\000a\000r\000a\000t\000i\000o\000n\000\040\000d\000e\000s\000\040\000d\000o\000n\000n\000\351\000e\000s}{}% 7
\BOOKMARK [1][-]{section.4}{\376\377\000A\000n\000a\000l\000y\000s\000e\000\040\000d\000e\000s\000\040\000d\000o\000n\000n\000\351\000e\000s}{}% 8
\BOOKMARK [2][-]{subsection.4.1}{\376\377\000A\000n\000a\000l\000y\000s\000e\000\040\000u\000n\000i\000v\000a\000r\000i\000\351\000\040\000d\000e\000s\000\040\000d\000o\000n\000n\000\351\000e\000s}{section.4}% 9
\BOOKMARK [3][-]{subsubsection.4.1.1}{\376\377\000L\000e\000s\000\040\000a\000c\000c\000i\000d\000e\000n\000t\000s\000\040\000m\000o\000r\000t\000e\000l\000s}{subsection.4.1}% 10
\BOOKMARK [3][-]{subsubsection.4.1.2}{\376\377\000L\000e\000s\000\040\000p\000i\000\351\000t\000o\000n\000s}{subsection.4.1}% 11
\BOOKMARK [3][-]{subsubsection.4.1.3}{\376\377\000L\000'\000\342\000g\000e}{subsection.4.1}% 12
\BOOKMARK [3][-]{subsubsection.4.1.4}{\376\377\000L\000e\000\040\000g\000e\000n\000r\000e\000\040\000d\000e\000s\000\040\000c\000o\000n\000d\000u\000c\000t\000e\000u\000r\000s}{subsection.4.1}% 13
\BOOKMARK [3][-]{subsubsection.4.1.5}{\376\377\000L\000e\000\040\000t\000y\000p\000e\000\040\000d\000e\000\040\000c\000o\000l\000l\000i\000s\000i\000o\000n}{subsection.4.1}% 14
\BOOKMARK [2][-]{subsection.4.2}{\376\377\000A\000n\000a\000l\000y\000s\000e\000\040\000b\000i\000v\000a\000r\000i\000\351\000e\000\040\000d\000e\000s\000\040\000d\000o\000n\000n\000\351\000e\000s}{section.4}% 15
\BOOKMARK [3][-]{subsubsection.4.2.1}{\376\377\000L\000e\000\040\000g\000e\000n\000r\000e\000\040\000d\000u\000\040\000c\000o\000n\000d\000u\000c\000t\000e\000u\000r}{subsection.4.2}% 16
\BOOKMARK [3][-]{subsubsection.4.2.2}{\376\377\000A\000g\000g\000l\000o\000m\000\351\000r\000a\000t\000i\000o\000n}{subsection.4.2}% 17
\BOOKMARK [1][-]{section.5}{\376\377\000A\000p\000p\000r\000e\000n\000t\000i\000s\000s\000a\000g\000e}{}% 18
\BOOKMARK [2][-]{subsection.5.1}{\376\377\000S\000p\000l\000i\000t}{section.5}% 19
\BOOKMARK [2][-]{subsection.5.2}{\376\377\000O\000n\000e\000\040\000H\000o\000t\000\040\000E\000n\000c\000o\000d\000i\000n\000g}{section.5}% 20
\BOOKMARK [2][-]{subsection.5.3}{\376\377\000R\000a\000n\000d\000o\000m\000\040\000T\000r\000e\000e\000\040\000C\000l\000a\000s\000s\000i\000f\000i\000e\000r}{section.5}% 21
\BOOKMARK [2][-]{subsection.5.4}{\376\377\000G\000a\000u\000s\000s\000i\000a\000n\000N\000B}{section.5}% 22
\BOOKMARK [2][-]{subsection.5.5}{\376\377\000B\000a\000s\000e\000\040\000R\000a\000t\000e}{section.5}% 23
\BOOKMARK [1][-]{section.6}{\376\377\000A\000u\000d\000i\000t\000\040\000d\000u\000\040\000m\000o\000d\000\350\000l\000e}{}% 24
\BOOKMARK [2][-]{subsection.6.1}{\376\377\000G\000\351\000n\000\351\000r\000a\000t\000i\000o\000n\000\040\000d\000e\000s\000\040\000c\000o\000n\000t\000r\000e\000f\000a\000c\000t\000u\000e\000l\000s\000\040\000a\000v\000e\000c\000\040\000D\000i\000c\000e}{section.6}% 25
\BOOKMARK [2][-]{subsection.6.2}{\376\377\000B\000l\000a\000c\000k\000B\000o\000x\000A\000u\000d\000i\000t\000i\000n\000g}{section.6}% 26
\BOOKMARK [2][-]{subsection.6.3}{\376\377\000E\000x\000p\000l\000i\000q\000u\000e\000r\000\040\000l\000e\000\040\000m\000o\000d\000\350\000l\000e\000\040\000a\000v\000e\000c\000\040\000l\000e\000s\000\040\000v\000a\000l\000e\000u\000r\000s\000\040\000d\000e\000\040\000S\000h\000a\000p\000l\000e\000y}{section.6}% 27
\BOOKMARK [2][-]{subsection.6.4}{\376\377\000E\000x\000p\000l\000i\000q\000u\000e\000r\000\040\000l\000e\000\040\000m\000o\000d\000\350\000l\000e\000\040\000a\000v\000e\000c\000\040\000L\000i\000m\000e}{section.6}% 28
\BOOKMARK [1][-]{section.7}{\376\377\000C\000o\000n\000c\000l\000u\000s\000i\000o\000n}{}% 29
\BOOKMARK [1][-]{appendix.A}{\376\377\000L\000e\000s\000\040\000d\000o\000n\000n\000\351\000e\000s\000\040\000d\000e\000\040\000n\000o\000t\000r\000e\000\040\000d\000a\000t\000a\000s\000e\000t}{}% 30
